<?xml version="1.0" encoding="UTF-8"?>
<!-- Generated by org.testng.reporters.JUnitReportReporter -->
<testsuite skipped="0" hostname="john-PC" name="mar5.Using_Explicit" tests="1" failures="0" timestamp="05 Mar 2020 06:38:57 GMT" time="15.729" errors="0">
  <testcase name="login" time="15.729" classname="mar5.Using_Explicit"/>
</testsuite> <!-- mar5.Using_Explicit -->
