<?xml version="1.0" encoding="UTF-8"?>
<!-- Generated by org.testng.reporters.JUnitReportReporter -->
<testsuite skipped="0" hostname="john-PC" name="mar5.GmailLogin" tests="1" failures="0" timestamp="05 Mar 2020 06:29:10 GMT" time="8.934" errors="0">
  <testcase name="login" time="8.934" classname="mar5.GmailLogin"/>
</testsuite> <!-- mar5.GmailLogin -->
